[1731337652.401][INFO]: Starting ChromeDriver 130.0.6723.116 (6ac35f94ae3d01152cf1946c896b0678e48f8ec4-refs/branch-heads/6723@{#1764}) on port 46167
[1731337652.401][INFO]: Please see https://chromedriver.chromium.org/security-considerations for suggestions on keeping ChromeDriver safe.
[1731337652.404][INFO]: ChromeDriver was started successfully on port 46167
[1731337652.540][INFO]: [476e56c2e096726666c78b174e4e75c3] COMMAND InitSession {
   "capabilities": {
      "firstMatch": [ {
         "browserName": "chrome",
         "goog:chromeOptions": {
            "args": [  ],
            "extensions": [  ]
         }
      } ]
   }
}
[1731337652.540][INFO]: Browser search. Trying... C:\Users\rosink\.cache\selenium\chromedriver\win64\130.0.6723.116\chrome.exe
[1731337652.541][INFO]: Browser search. Trying... C:\Users\rosink\.cache\selenium\chromedriver\win64\130.0.6723.116\chrome.exe
[1731337652.541][INFO]: Browser search. Trying... C:\Users\rosink\.cache\selenium\chromedriver\win64\130.0.6723.116\chromium.exe
[1731337652.544][INFO]: Browser search. Trying... C:\Users\rosink\AppData\Local\Google\Chrome\Application\chrome.exe
[1731337652.544][INFO]: Browser search. Trying... C:\Program Files\Google\Chrome\Application\chrome.exe
[1731337652.544][INFO]: Browser search. Found at  C:\Program Files\Google\Chrome\Application\chrome.exe
[1731337652.545][INFO]: Populating Preferences file: {
   "alternate_error_pages": {
      "enabled": false
   },
   "autofill": {
      "enabled": false
   },
   "browser": {
      "check_default_browser": false
   },
   "distribution": {
      "import_bookmarks": false,
      "import_history": false,
      "import_search_engine": false,
      "make_chrome_default_for_user": false,
      "skip_first_run_ui": true
   },
   "dns_prefetching": {
      "enabled": false
   },
   "profile": {
      "content_settings": {
         "pattern_pairs": {
            "https://*,*": {
               "media-stream": {
                  "audio": "Default",
                  "video": "Default"
               }
            }
         }
      },
      "default_content_setting_values": {
         "geolocation": 1
      },
      "default_content_settings": {
         "geolocation": 1,
         "mouselock": 1,
         "notifications": 1,
         "popups": 1,
         "ppapi-broker": 1
      },
      "password_manager_enabled": false
   },
   "safebrowsing": {
      "enabled": false
   },
   "search": {
      "suggest_enabled": false
   },
   "translate": {
      "enabled": false
   }
}
[1731337652.545][INFO]: Populating Local State file: {
   "background_mode": {
      "enabled": false
   },
   "ssl": {
      "rev_checking": {
         "enabled": false
      }
   }
}
[1731337652.546][INFO]: ChromeDriver supports communication with Chrome via pipes. This is more reliable and more secure.
[1731337652.546][INFO]: Use the --remote-debugging-pipe Chrome switch instead of the default --remote-debugging-port to enable this communication mode.
[1731337652.548][INFO]: Launching chrome: "C:\Program Files\Google\Chrome\Application\chrome.exe" --allow-pre-commit-input --disable-background-networking --disable-backgrounding-occluded-windows --disable-client-side-phishing-detection --disable-default-apps --disable-hang-monitor --disable-popup-blocking --disable-prompt-on-repost --disable-sync --enable-automation --enable-logging --log-level=0 --no-first-run --no-service-autorun --password-store=basic --remote-debugging-port=0 --test-type=webdriver --use-mock-keychain --user-data-dir="C:\Users\rosink\AppData\Local\Temp\scoped_dir32684_521409869" data:,
[1731337653.204][INFO]: resolved localhost to ["::1","127.0.0.1"]
[1731337653.207][INFO]: [476e56c2e096726666c78b174e4e75c3] RESPONSE InitSession {
   "capabilities": {
      "acceptInsecureCerts": false,
      "browserName": "chrome",
      "browserVersion": "130.0.6723.117",
      "chrome": {
         "chromedriverVersion": "130.0.6723.116 (6ac35f94ae3d01152cf1946c896b0678e48f8ec4-refs/branch-heads/6723@{#1764})",
         "userDataDir": "C:\\Users\\rosink\\AppData\\Local\\Temp\\scoped_dir32684_521409869"
      },
      "fedcm:accounts": true,
      "goog:chromeOptions": {
         "debuggerAddress": "localhost:53699"
      },
      "networkConnectionEnabled": false,
      "pageLoadStrategy": "normal",
      "platformName": "windows",
      "proxy": {
      },
      "setWindowRect": true,
      "strictFileInteractability": false,
      "timeouts": {
         "implicit": 0,
         "pageLoad": 300000,
         "script": 30000
      },
      "unhandledPromptBehavior": "dismiss and notify",
      "webauthn:extension:credBlob": true,
      "webauthn:extension:largeBlob": true,
      "webauthn:extension:minPinLength": true,
      "webauthn:extension:prf": true,
      "webauthn:virtualAuthenticators": true
   },
   "sessionId": "476e56c2e096726666c78b174e4e75c3"
}
[1731337653.296][INFO]: [476e56c2e096726666c78b174e4e75c3] COMMAND MaximizeWindow {
}
[1731337653.297][INFO]: Waiting for pending navigations...
[1731337653.298][INFO]: Done waiting for pending navigations. Status: ok
[1731337653.324][INFO]: Waiting for pending navigations...
[1731337653.325][INFO]: Done waiting for pending navigations. Status: ok
[1731337653.325][INFO]: [476e56c2e096726666c78b174e4e75c3] RESPONSE MaximizeWindow {
   "height": 832,
   "width": 1552,
   "x": -8,
   "y": -8
}
[1731337653.328][INFO]: [476e56c2e096726666c78b174e4e75c3] COMMAND Navigate {
   "url": "https://tutorialsninja.com/demo/"
}
[1731337653.328][INFO]: Waiting for pending navigations...
[1731337653.328][INFO]: Done waiting for pending navigations. Status: ok
[1731337654.005][INFO]: Waiting for pending navigations...
[1731337655.594][INFO]: Done waiting for pending navigations. Status: ok
[1731337655.594][INFO]: [476e56c2e096726666c78b174e4e75c3] RESPONSE Navigate
[1731337655.598][INFO]: [476e56c2e096726666c78b174e4e75c3] COMMAND FindElement {
   "using": "css selector",
   "value": "*[name='search']"
}
[1731337655.598][INFO]: Waiting for pending navigations...
[1731337655.598][INFO]: Done waiting for pending navigations. Status: ok
[1731337655.605][INFO]: Waiting for pending navigations...
[1731337655.605][INFO]: Done waiting for pending navigations. Status: ok
[1731337655.605][INFO]: [476e56c2e096726666c78b174e4e75c3] RESPONSE FindElement {
   "element-6066-11e4-a52e-4f735466cecf": "f.68EBF816B14BBA027DA0A166A39E7E35.d.8B9AA72212A36E0CD853AB1E82ED85A6.e.4"
}
[1731337655.609][INFO]: [476e56c2e096726666c78b174e4e75c3] COMMAND TypeElement {
   "id": "f.68EBF816B14BBA027DA0A166A39E7E35.d.8B9AA72212A36E0CD853AB1E82ED85A6.e.4",
   "text": "Samsung",
   "value": [ "S", "a", "m", "s", "u", "n", "g" ]
}
[1731337655.609][INFO]: Waiting for pending navigations...
[1731337655.610][INFO]: Done waiting for pending navigations. Status: ok
[1731337655.646][INFO]: Waiting for pending navigations...
[1731337655.659][INFO]: Done waiting for pending navigations. Status: ok
[1731337655.659][INFO]: [476e56c2e096726666c78b174e4e75c3] RESPONSE TypeElement
[1731337655.661][INFO]: [476e56c2e096726666c78b174e4e75c3] COMMAND FindElement {
   "using": "css selector",
   "value": "i[class$='fa-search']"
}
[1731337655.661][INFO]: Waiting for pending navigations...
[1731337655.661][INFO]: Done waiting for pending navigations. Status: ok
[1731337655.667][INFO]: Waiting for pending navigations...
[1731337655.667][INFO]: Done waiting for pending navigations. Status: ok
[1731337655.667][INFO]: [476e56c2e096726666c78b174e4e75c3] RESPONSE FindElement {
   "element-6066-11e4-a52e-4f735466cecf": "f.68EBF816B14BBA027DA0A166A39E7E35.d.8B9AA72212A36E0CD853AB1E82ED85A6.e.48"
}
[1731337655.670][INFO]: [476e56c2e096726666c78b174e4e75c3] COMMAND ClickElement {
   "id": "f.68EBF816B14BBA027DA0A166A39E7E35.d.8B9AA72212A36E0CD853AB1E82ED85A6.e.48"
}
[1731337655.670][INFO]: Waiting for pending navigations...
[1731337655.670][INFO]: Done waiting for pending navigations. Status: ok
[1731337655.696][INFO]: Waiting for pending navigations...
[1731337656.173][INFO]: Done waiting for pending navigations. Status: ok
[1731337656.173][INFO]: [476e56c2e096726666c78b174e4e75c3] RESPONSE ClickElement
[1731337657.197][INFO]: [476e56c2e096726666c78b174e4e75c3] COMMAND Quit {
}
[1731337657.235][INFO]: [476e56c2e096726666c78b174e4e75c3] RESPONSE Quit
